1595339174267:help
1595339178844:showA
1595339185169:showB
1595339189398:showC
1595339207469:wxit
1595339209737:exit
1595339559439:showB
1595339579104:showCbyTitle --title aeneid
1595339602629:help
1595339629810:updYearBookbyid --id 1
1595339645680:updYearBookbyid --id 1 --year 1232
1595339664178:updYearBookbyid --id 1 --year 2040:12-12
1595339672401:updYearBookbyid --id 1 --year 2040:12:12
1595339677453:updYearBookbyid --id 1 --year 2040-12-12
1595339689411:updYearBookbyid --id 1 --year 2010-12-12
1595339703404:updYearBookbyid --id 1 --year 2010-01-01
1595339709149:updYearBookbyid --id 1 --year 2010:01:01
1595339713056:stacktrace
1595339785563:updYearBookbyid --id 1 --year 2010-01-01
1595339790879:st
1595339793306:stacktrace
1595339832027:updYearBookbyid --id 1 --year 1990-03-03
1595339835706:stacktrace
1595339845935:showB
1595339869941:updYearBookbyid --id 1 --year 1856-11-12
1595339965784:exit
1595340008522:showB
1595340039662:updYearBookbyid --id 1 --year 1700-01-01
1595340046040:showB
1595340052878:exit
