1594474264663:help
1594474270344:showA
1594474284097:stacktrace
1594476563731:exit
1594476632538:showA
1594476841069:exit
1594476999959:showA
1594477051241:exit
1594477129930:showA
1594477383297:exit
1594477496953:showA
1594477583277:exit
1594478258909:showA
1594478271753:exit
1594478728479:showA
1594478804564:exit
1594478875592:showA
1594478887345:stacktrace
1594478906080:exit
1594478987039:showA
1594479005354:exit
1594479491730:showA
1594481036988:exit
1594481084162:showA
1594481154609:exit
1594481185404:showA
1594481223053:exit
1594481242644:showA
1594481251789:exit
1594484534488:help
1594484561974:showA
1594484578674:showAbyid
1594484585031:showAbyid --id 1
1594484593688:showAbyid --id 0
1594484620964:help
1594484643348:insA --firstname sada --lastname sdf --country sdf
1594484650629:showA
1594484658014:exit
1594485734419:help
1594485767511:showPH
1594485810730:insPH --publishing-name sada --country das
1594485821914:showPH
1594485846196:help
1594485855425:showPHByid 1
1594485870582:showAbyid 2
1594485876917:showAbyid 0
1594485893034:help
1594486008324:^Z
1594494413527:help
1594494518791:insG --name-genre sdfs
1594494551597:showG
1594494567720:showGbyid 1
1594494572440:showGbyid 2
1594494580918:help
1594494590788:showB
1594494660301:insB --id-author 1 --id-genre 1 --id-publishing-house 1 --title dsfdsf --number-of-pages 300 --publication-year 1290
1594494684903:insB --id-author 1 --id-genre 1 --id-publishing-house 1 --title dsfdsf --number-of-pages 300 --publication-year 21-05-1550
1594494690294:insB --id-author 1 --id-genre 1 --id-publishing-house 1 --title dsfdsf --number-of-pages 300 --publication-year 21-05-1999
1594494699497:insB --id-author 1 --id-genre 1 --id-publishing-house 1 --title dsfdsf --number-of-pages 300 --publication-year 02-05-1999
1594494872666:insB --id-author 1 --id-genre 1 --id-publishing-house 1 --title dsfdsf --number-of-pages 300 --publication-year 1600-12-12
1594494956821:showPH
1594495241175:exit
1594495739232:insB --id-author 1 --id-genre 1 --id-publishing-house 1 --title dsfdsf --number-of-pages 300 --publication-year 1600-12-12
1594495798830:exit
1594495833666:insB --id-author 1 --id-genre 1 --id-publishing-house 1 --title dsfdsf --number-of-pages 300 --publication-year 1600-12-12
1594495867683:exit
1594495897298:insB --id-author 1 --id-genre 1 --id-publishing-house 1 --title dsfdsf --number-of-pages 300 --publication-year 1600-12-12
1594495908491:showB
1594496138711:showBbyid 1
1594497323856:exit
1594497785161:showB
1594497803887:showA
1594497811992:showG
1594497820037:showPH
1594497824388:exit
1594498718963:dsf
1594498721513:help
1594498812516:showB
1594501014932:showA
1594501019210:exit
1594501165076:showA
1594501173780:exit
1594501524049:showA
1594501540312:showB
1594501551912:exit
1594501609597:showB
1594501619005:exit
1594502194454:showB
1594502327731:showA
1594502573418:exit
1594502608948:showA
1594502625322:exit
1594503006617:showA
1594503042488:exit
1594503238544:showA
1594503245834:showB
1594503267412:exit
1594503317594:showB
1594503327434:exit
1594503563530:showA
1594503782908:exit
1594503878897:showA
1594503916628:exit
1594503988789:showA
1594504307963:exit
1594506564481:showA
1594506571597:showB
1594506581589:showC
1594506586519:showG
1594506602569:exit
1594506807306:showA
1594506810965:exit
